en-ptm/command.dic
en-ptm/command.lm
en-ptm/command.log_pronounce
en-ptm/command.sent
en-ptm/command.vocab
en-ptm/menu.gram
en-ptm/ptm/feat.params
en-ptm/ptm/mdef
en-ptm/ptm/means
en-ptm/ptm/noisedict
en-ptm/ptm/sendump
en-ptm/ptm/transition_matrices
en-ptm/ptm/variances
zh-ptm/command.dic
zh-ptm/command.lm
zh-ptm/command.log_pronounce
zh-ptm/command.sent
zh-ptm/command.vocab
zh-ptm/menu.gram
zh-ptm/ptm/feat.params
zh-ptm/ptm/mdef
zh-ptm/ptm/means
zh-ptm/ptm/noisedict
zh-ptm/ptm/sendump
zh-ptm/ptm/transition_matrices
zh-ptm/ptm/variances